<?xml version="1.0" encoding="UTF-8"?>
<!-- Generated by org.testng.reporters.JUnitReportReporter -->
<testsuite skipped="0" hostname="DADAJI" name="com.softwaretestingboard.magento.testsuite.WomenTest" tests="2" failures="0" timestamp="2023-07-17T15:15:58 BST" time="45.160" errors="0">
  <testcase name="verifyTheSortByPriceFilter" time="22.638" classname="com.softwaretestingboard.magento.testsuite.WomenTest"/>
  <system-out/>
  <testcase name="verifyTheSortByProductNameFilter" time="22.522" classname="com.softwaretestingboard.magento.testsuite.WomenTest"/>
  <system-out/>
</testsuite> <!-- com.softwaretestingboard.magento.testsuite.WomenTest -->
