<?xml version="1.0" encoding="UTF-8"?>
<!-- Generated by org.testng.reporters.JUnitReportReporter -->
<testsuite skipped="0" hostname="DADAJI" name="com.softwaretestingboard.magento.testsuite.MenTest" tests="1" failures="0" timestamp="2023-07-17T15:15:58 BST" time="43.861" errors="0">
  <testcase name="userShouldAddProductSuccessFullyToShoppingCart" time="43.861" classname="com.softwaretestingboard.magento.testsuite.MenTest"/>
  <system-out/>
</testsuite> <!-- com.softwaretestingboard.magento.testsuite.MenTest -->
